  [1m[36mSQL (0.4ms)[0m  [1mSHOW client_min_messages[0m
  [1m[35mSQL (0.1ms)[0m  SET client_min_messages TO 'panic'
  [1m[36mSQL (0.1ms)[0m  [1mSET standard_conforming_strings = on[0m
  [1m[35mSQL (0.1ms)[0m  SET client_min_messages TO 'notice'
  [1m[36mSQL (48.1ms)[0m  [1mSET time zone 'UTC'[0m
  [1m[35mSQL (0.3ms)[0m  SHOW TIME ZONE
  [1m[36mSQL (103.0ms)[0m  [1m SELECT COUNT(*)
 FROM pg_tables
 WHERE tablename = 'schema_migrations'
 
[0m
  [1m[35mSQL (123.3ms)[0m  CREATE TABLE "schema_migrations" ("version" character varying(255) NOT NULL) 
  [1m[36mSQL (0.3ms)[0m  [1mSHOW search_path[0m
  [1m[35mSQL (58.0ms)[0m   SELECT distinct i.relname, d.indisunique, d.indkey, t.oid
 FROM pg_class t, pg_class i, pg_index d
 WHERE i.relkind = 'i'
 AND d.indexrelid = i.oid
 AND d.indisprimary = 'f'
 AND t.oid = d.indrelid
 AND t.relname = 'schema_migrations'
 AND i.relnamespace IN (SELECT oid FROM pg_namespace WHERE nspname IN ('"$user"','public') )
 ORDER BY i.relname
  [1m[36mSQL (3.3ms)[0m  [1mCREATE UNIQUE INDEX "unique_schema_migrations" ON "schema_migrations" ("version")[0m
  [1m[35mSQL (0.8ms)[0m   SELECT COUNT(*)
 FROM pg_tables
 WHERE tablename = 'schema_info'
 
  [1m[36mSQL (0.8ms)[0m  [1m SELECT COUNT(*)
 FROM pg_tables
 WHERE tablename = 'schema_migrations'
 
[0m
  [1m[35mSQL (1.6ms)[0m   SELECT tablename
 FROM pg_tables
 WHERE schemaname = ANY (current_schemas(false))
  [1m[36mSQL (52.7ms)[0m  [1m SELECT a.attname, format_type(a.atttypid, a.atttypmod), d.adsrc, a.attnotnull
 FROM pg_attribute a LEFT JOIN pg_attrdef d
 ON a.attrelid = d.adrelid AND a.attnum = d.adnum
 WHERE a.attrelid = '"schema_migrations"'::regclass
 AND a.attnum > 0 AND NOT a.attisdropped
 ORDER BY a.attnum
[0m
  [1m[35mSQL (0.5ms)[0m  SELECT "schema_migrations"."version" FROM "schema_migrations"
  [1m[36mSQL (0.9ms)[0m  [1m SELECT tablename
 FROM pg_tables
 WHERE schemaname = ANY (current_schemas(false))
[0m
  [1m[36mSQL (0.4ms)[0m  [1mSHOW client_min_messages[0m
  [1m[35mSQL (0.3ms)[0m  SET client_min_messages TO 'panic'
  [1m[36mSQL (0.2ms)[0m  [1mSET standard_conforming_strings = on[0m
  [1m[35mSQL (0.2ms)[0m  SET client_min_messages TO 'notice'
  [1m[36mSQL (1.1ms)[0m  [1mSET time zone 'UTC'[0m
  [1m[35mSQL (0.2ms)[0m  SHOW TIME ZONE
  [1m[36mSQL (5.2ms)[0m  [1m SELECT COUNT(*)
 FROM pg_tables
 WHERE tablename = 'schema_migrations'
 
[0m
  [1m[35mSQL (1.3ms)[0m   SELECT tablename
 FROM pg_tables
 WHERE schemaname = ANY (current_schemas(false))
  [1m[36mSQL (3.1ms)[0m  [1m SELECT a.attname, format_type(a.atttypid, a.atttypmod), d.adsrc, a.attnotnull
 FROM pg_attribute a LEFT JOIN pg_attrdef d
 ON a.attrelid = d.adrelid AND a.attnum = d.adnum
 WHERE a.attrelid = '"schema_migrations"'::regclass
 AND a.attnum > 0 AND NOT a.attisdropped
 ORDER BY a.attnum
[0m
  [1m[35mSQL (0.5ms)[0m  SELECT "schema_migrations"."version" FROM "schema_migrations"
Migrating to CreateProducts (20110221021440)
  [1m[36mSQL (0.1ms)[0m  [1mBEGIN[0m
  [1m[35mSQL (98.5ms)[0m  CREATE TABLE "products" ("id" serial primary key, "name" character varying(255) NOT NULL, "code" character varying(255) NOT NULL, "listPrice" decimal(8,2), "price" decimal(8,2) NOT NULL, "costPrice" decimal(8,2), "is_active" boolean DEFAULT 'f', "is_promo" boolean DEFAULT 'f', "is_new" boolean DEFAULT 'f', "sizes" character varying(255) NOT NULL, "sizeType" character varying(255) NOT NULL, "description" character varying(255), "composition" character varying(255), "sizeBust" integer, "sizeSleeve" integer, "sizeWaist" integer, "sizeHip" integer, "sizeThigh" integer, "sizeInseam" integer, "category_id" integer, "created_at" timestamp, "updated_at" timestamp) 
  [1m[36mSQL (1.0ms)[0m  [1m SELECT a.attname, format_type(a.atttypid, a.atttypmod), d.adsrc, a.attnotnull
 FROM pg_attribute a LEFT JOIN pg_attrdef d
 ON a.attrelid = d.adrelid AND a.attnum = d.adnum
 WHERE a.attrelid = '"schema_migrations"'::regclass
 AND a.attnum > 0 AND NOT a.attisdropped
 ORDER BY a.attnum
[0m
  [1m[35mPK and serial sequence (9.2ms)[0m   SELECT attr.attname, seq.relname
 FROM pg_class seq,
 pg_attribute attr,
 pg_depend dep,
 pg_namespace name,
 pg_constraint cons
 WHERE seq.oid = dep.objid
 AND seq.relkind = 'S'
 AND attr.attrelid = dep.refobjid
 AND attr.attnum = dep.refobjsubid
 AND attr.attrelid = cons.conrelid
 AND attr.attnum = cons.conkey[1]
 AND cons.contype = 'p'
 AND dep.refobjid = '"schema_migrations"'::regclass
  [1m[36mPK and custom sequence (28.5ms)[0m  [1m SELECT attr.attname,
 CASE
 WHEN split_part(def.adsrc, '''', 2) ~ '.' THEN
 substr(split_part(def.adsrc, '''', 2),
 strpos(split_part(def.adsrc, '''', 2), '.')+1)
 ELSE split_part(def.adsrc, '''', 2)
 END
 FROM pg_class t
 JOIN pg_attribute attr ON (t.oid = attrelid)
 JOIN pg_attrdef def ON (adrelid = attrelid AND adnum = attnum)
 JOIN pg_constraint cons ON (conrelid = adrelid AND adnum = conkey[1])
 WHERE t.oid = '"schema_migrations"'::regclass
 AND cons.contype = 'p'
 AND def.adsrc ~* 'nextval'
[0m
  [1m[35mSQL (1.2ms)[0m  INSERT INTO "schema_migrations" ("version") VALUES ('20110221021440')
  [1m[36mPK and serial sequence (2.1ms)[0m  [1m SELECT attr.attname, seq.relname
 FROM pg_class seq,
 pg_attribute attr,
 pg_depend dep,
 pg_namespace name,
 pg_constraint cons
 WHERE seq.oid = dep.objid
 AND seq.relkind = 'S'
 AND attr.attrelid = dep.refobjid
 AND attr.attnum = dep.refobjsubid
 AND attr.attrelid = cons.conrelid
 AND attr.attnum = cons.conkey[1]
 AND cons.contype = 'p'
 AND dep.refobjid = '"schema_migrations"'::regclass
[0m
  [1m[35mPK and custom sequence (1.0ms)[0m   SELECT attr.attname,
 CASE
 WHEN split_part(def.adsrc, '''', 2) ~ '.' THEN
 substr(split_part(def.adsrc, '''', 2),
 strpos(split_part(def.adsrc, '''', 2), '.')+1)
 ELSE split_part(def.adsrc, '''', 2)
 END
 FROM pg_class t
 JOIN pg_attribute attr ON (t.oid = attrelid)
 JOIN pg_attrdef def ON (adrelid = attrelid AND adnum = attnum)
 JOIN pg_constraint cons ON (conrelid = adrelid AND adnum = conkey[1])
 WHERE t.oid = '"schema_migrations"'::regclass
 AND cons.contype = 'p'
 AND def.adsrc ~* 'nextval'
  [1m[36mSQL (1.2ms)[0m  [1mCOMMIT[0m
Migrating to CreateCategories (20110221035846)
  [1m[35mSQL (0.5ms)[0m  BEGIN
  [1m[36mSQL (4.4ms)[0m  [1mCREATE TABLE "categories" ("id" serial primary key, "name" character varying(255) NOT NULL, "created_at" timestamp, "updated_at" timestamp) [0m
  [1m[35mSQL (0.7ms)[0m   SELECT a.attname, format_type(a.atttypid, a.atttypmod), d.adsrc, a.attnotnull
 FROM pg_attribute a LEFT JOIN pg_attrdef d
 ON a.attrelid = d.adrelid AND a.attnum = d.adnum
 WHERE a.attrelid = '"schema_migrations"'::regclass
 AND a.attnum > 0 AND NOT a.attisdropped
 ORDER BY a.attnum
  [1m[36mPK and serial sequence (2.1ms)[0m  [1m SELECT attr.attname, seq.relname
 FROM pg_class seq,
 pg_attribute attr,
 pg_depend dep,
 pg_namespace name,
 pg_constraint cons
 WHERE seq.oid = dep.objid
 AND seq.relkind = 'S'
 AND attr.attrelid = dep.refobjid
 AND attr.attnum = dep.refobjsubid
 AND attr.attrelid = cons.conrelid
 AND attr.attnum = cons.conkey[1]
 AND cons.contype = 'p'
 AND dep.refobjid = '"schema_migrations"'::regclass
[0m
  [1m[35mPK and custom sequence (1.2ms)[0m   SELECT attr.attname,
 CASE
 WHEN split_part(def.adsrc, '''', 2) ~ '.' THEN
 substr(split_part(def.adsrc, '''', 2),
 strpos(split_part(def.adsrc, '''', 2), '.')+1)
 ELSE split_part(def.adsrc, '''', 2)
 END
 FROM pg_class t
 JOIN pg_attribute attr ON (t.oid = attrelid)
 JOIN pg_attrdef def ON (adrelid = attrelid AND adnum = attnum)
 JOIN pg_constraint cons ON (conrelid = adrelid AND adnum = conkey[1])
 WHERE t.oid = '"schema_migrations"'::regclass
 AND cons.contype = 'p'
 AND def.adsrc ~* 'nextval'
  [1m[36mSQL (0.2ms)[0m  [1mINSERT INTO "schema_migrations" ("version") VALUES ('20110221035846')[0m
  [1m[35mPK and serial sequence (2.1ms)[0m   SELECT attr.attname, seq.relname
 FROM pg_class seq,
 pg_attribute attr,
 pg_depend dep,
 pg_namespace name,
 pg_constraint cons
 WHERE seq.oid = dep.objid
 AND seq.relkind = 'S'
 AND attr.attrelid = dep.refobjid
 AND attr.attnum = dep.refobjsubid
 AND attr.attrelid = cons.conrelid
 AND attr.attnum = cons.conkey[1]
 AND cons.contype = 'p'
 AND dep.refobjid = '"schema_migrations"'::regclass
  [1m[36mPK and custom sequence (1.1ms)[0m  [1m SELECT attr.attname,
 CASE
 WHEN split_part(def.adsrc, '''', 2) ~ '.' THEN
 substr(split_part(def.adsrc, '''', 2),
 strpos(split_part(def.adsrc, '''', 2), '.')+1)
 ELSE split_part(def.adsrc, '''', 2)
 END
 FROM pg_class t
 JOIN pg_attribute attr ON (t.oid = attrelid)
 JOIN pg_attrdef def ON (adrelid = attrelid AND adnum = attnum)
 JOIN pg_constraint cons ON (conrelid = adrelid AND adnum = conkey[1])
 WHERE t.oid = '"schema_migrations"'::regclass
 AND cons.contype = 'p'
 AND def.adsrc ~* 'nextval'
[0m
  [1m[35mSQL (0.9ms)[0m  COMMIT
Migrating to CreateColors (20110221035858)
  [1m[36mSQL (0.4ms)[0m  [1mBEGIN[0m
  [1m[35mSQL (4.0ms)[0m  CREATE TABLE "colors" ("id" serial primary key, "name" character varying(255) NOT NULL, "product_id" integer, "created_at" timestamp, "updated_at" timestamp) 
  [1m[36mSQL (0.9ms)[0m  [1m SELECT a.attname, format_type(a.atttypid, a.atttypmod), d.adsrc, a.attnotnull
 FROM pg_attribute a LEFT JOIN pg_attrdef d
 ON a.attrelid = d.adrelid AND a.attnum = d.adnum
 WHERE a.attrelid = '"schema_migrations"'::regclass
 AND a.attnum > 0 AND NOT a.attisdropped
 ORDER BY a.attnum
[0m
  [1m[35mPK and serial sequence (2.2ms)[0m   SELECT attr.attname, seq.relname
 FROM pg_class seq,
 pg_attribute attr,
 pg_depend dep,
 pg_namespace name,
 pg_constraint cons
 WHERE seq.oid = dep.objid
 AND seq.relkind = 'S'
 AND attr.attrelid = dep.refobjid
 AND attr.attnum = dep.refobjsubid
 AND attr.attrelid = cons.conrelid
 AND attr.attnum = cons.conkey[1]
 AND cons.contype = 'p'
 AND dep.refobjid = '"schema_migrations"'::regclass
  [1m[36mPK and custom sequence (1.0ms)[0m  [1m SELECT attr.attname,
 CASE
 WHEN split_part(def.adsrc, '''', 2) ~ '.' THEN
 substr(split_part(def.adsrc, '''', 2),
 strpos(split_part(def.adsrc, '''', 2), '.')+1)
 ELSE split_part(def.adsrc, '''', 2)
 END
 FROM pg_class t
 JOIN pg_attribute attr ON (t.oid = attrelid)
 JOIN pg_attrdef def ON (adrelid = attrelid AND adnum = attnum)
 JOIN pg_constraint cons ON (conrelid = adrelid AND adnum = conkey[1])
 WHERE t.oid = '"schema_migrations"'::regclass
 AND cons.contype = 'p'
 AND def.adsrc ~* 'nextval'
[0m
  [1m[35mSQL (0.2ms)[0m  INSERT INTO "schema_migrations" ("version") VALUES ('20110221035858')
  [1m[36mPK and serial sequence (3.4ms)[0m  [1m SELECT attr.attname, seq.relname
 FROM pg_class seq,
 pg_attribute attr,
 pg_depend dep,
 pg_namespace name,
 pg_constraint cons
 WHERE seq.oid = dep.objid
 AND seq.relkind = 'S'
 AND attr.attrelid = dep.refobjid
 AND attr.attnum = dep.refobjsubid
 AND attr.attrelid = cons.conrelid
 AND attr.attnum = cons.conkey[1]
 AND cons.contype = 'p'
 AND dep.refobjid = '"schema_migrations"'::regclass
[0m
  [1m[35mPK and custom sequence (1.7ms)[0m   SELECT attr.attname,
 CASE
 WHEN split_part(def.adsrc, '''', 2) ~ '.' THEN
 substr(split_part(def.adsrc, '''', 2),
 strpos(split_part(def.adsrc, '''', 2), '.')+1)
 ELSE split_part(def.adsrc, '''', 2)
 END
 FROM pg_class t
 JOIN pg_attribute attr ON (t.oid = attrelid)
 JOIN pg_attrdef def ON (adrelid = attrelid AND adnum = attnum)
 JOIN pg_constraint cons ON (conrelid = adrelid AND adnum = conkey[1])
 WHERE t.oid = '"schema_migrations"'::regclass
 AND cons.contype = 'p'
 AND def.adsrc ~* 'nextval'
  [1m[36mSQL (1.4ms)[0m  [1mCOMMIT[0m
Migrating to CreateAssets (20110221040017)
  [1m[35mSQL (0.8ms)[0m  BEGIN
  [1m[36mSQL (6.1ms)[0m  [1mCREATE TABLE "assets" ("id" serial primary key, "name" character varying(255) NOT NULL, "img_swatch" character varying(255), "img_full" character varying(255), "img_thumb" character varying(255), "img_zoom" character varying(255), "imageable_id" integer, "imageable_type" character varying(255), "created_at" timestamp, "updated_at" timestamp) [0m
  [1m[35mSQL (0.7ms)[0m   SELECT a.attname, format_type(a.atttypid, a.atttypmod), d.adsrc, a.attnotnull
 FROM pg_attribute a LEFT JOIN pg_attrdef d
 ON a.attrelid = d.adrelid AND a.attnum = d.adnum
 WHERE a.attrelid = '"schema_migrations"'::regclass
 AND a.attnum > 0 AND NOT a.attisdropped
 ORDER BY a.attnum
  [1m[36mPK and serial sequence (2.6ms)[0m  [1m SELECT attr.attname, seq.relname
 FROM pg_class seq,
 pg_attribute attr,
 pg_depend dep,
 pg_namespace name,
 pg_constraint cons
 WHERE seq.oid = dep.objid
 AND seq.relkind = 'S'
 AND attr.attrelid = dep.refobjid
 AND attr.attnum = dep.refobjsubid
 AND attr.attrelid = cons.conrelid
 AND attr.attnum = cons.conkey[1]
 AND cons.contype = 'p'
 AND dep.refobjid = '"schema_migrations"'::regclass
[0m
  [1m[35mPK and custom sequence (1.1ms)[0m   SELECT attr.attname,
 CASE
 WHEN split_part(def.adsrc, '''', 2) ~ '.' THEN
 substr(split_part(def.adsrc, '''', 2),
 strpos(split_part(def.adsrc, '''', 2), '.')+1)
 ELSE split_part(def.adsrc, '''', 2)
 END
 FROM pg_class t
 JOIN pg_attribute attr ON (t.oid = attrelid)
 JOIN pg_attrdef def ON (adrelid = attrelid AND adnum = attnum)
 JOIN pg_constraint cons ON (conrelid = adrelid AND adnum = conkey[1])
 WHERE t.oid = '"schema_migrations"'::regclass
 AND cons.contype = 'p'
 AND def.adsrc ~* 'nextval'
  [1m[36mSQL (0.2ms)[0m  [1mINSERT INTO "schema_migrations" ("version") VALUES ('20110221040017')[0m
  [1m[35mPK and serial sequence (2.6ms)[0m   SELECT attr.attname, seq.relname
 FROM pg_class seq,
 pg_attribute attr,
 pg_depend dep,
 pg_namespace name,
 pg_constraint cons
 WHERE seq.oid = dep.objid
 AND seq.relkind = 'S'
 AND attr.attrelid = dep.refobjid
 AND attr.attnum = dep.refobjsubid
 AND attr.attrelid = cons.conrelid
 AND attr.attnum = cons.conkey[1]
 AND cons.contype = 'p'
 AND dep.refobjid = '"schema_migrations"'::regclass
  [1m[36mPK and custom sequence (1.1ms)[0m  [1m SELECT attr.attname,
 CASE
 WHEN split_part(def.adsrc, '''', 2) ~ '.' THEN
 substr(split_part(def.adsrc, '''', 2),
 strpos(split_part(def.adsrc, '''', 2), '.')+1)
 ELSE split_part(def.adsrc, '''', 2)
 END
 FROM pg_class t
 JOIN pg_attribute attr ON (t.oid = attrelid)
 JOIN pg_attrdef def ON (adrelid = attrelid AND adnum = attnum)
 JOIN pg_constraint cons ON (conrelid = adrelid AND adnum = conkey[1])
 WHERE t.oid = '"schema_migrations"'::regclass
 AND cons.contype = 'p'
 AND def.adsrc ~* 'nextval'
[0m
  [1m[35mSQL (1.0ms)[0m  COMMIT
  [1m[36mSQL (2.0ms)[0m  [1m SELECT COUNT(*)
 FROM pg_tables
 WHERE tablename = 'schema_migrations'
 
[0m
  [1m[35mSQL (0.6ms)[0m   SELECT a.attname, format_type(a.atttypid, a.atttypmod), d.adsrc, a.attnotnull
 FROM pg_attribute a LEFT JOIN pg_attrdef d
 ON a.attrelid = d.adrelid AND a.attnum = d.adnum
 WHERE a.attrelid = '"schema_migrations"'::regclass
 AND a.attnum > 0 AND NOT a.attisdropped
 ORDER BY a.attnum
  [1m[36mSQL (0.3ms)[0m  [1mSELECT "schema_migrations"."version" FROM "schema_migrations"[0m
  [1m[35mSQL (0.8ms)[0m   SELECT tablename
 FROM pg_tables
 WHERE schemaname = ANY (current_schemas(false))
  [1m[36mSQL (1.0ms)[0m  [1m SELECT a.attname, format_type(a.atttypid, a.atttypmod), d.adsrc, a.attnotnull
 FROM pg_attribute a LEFT JOIN pg_attrdef d
 ON a.attrelid = d.adrelid AND a.attnum = d.adnum
 WHERE a.attrelid = '"assets"'::regclass
 AND a.attnum > 0 AND NOT a.attisdropped
 ORDER BY a.attnum
[0m
  [1m[35mPK and serial sequence (2.7ms)[0m   SELECT attr.attname, seq.relname
 FROM pg_class seq,
 pg_attribute attr,
 pg_depend dep,
 pg_namespace name,
 pg_constraint cons
 WHERE seq.oid = dep.objid
 AND seq.relkind = 'S'
 AND attr.attrelid = dep.refobjid
 AND attr.attnum = dep.refobjsubid
 AND attr.attrelid = cons.conrelid
 AND attr.attnum = cons.conkey[1]
 AND cons.contype = 'p'
 AND dep.refobjid = '"assets"'::regclass
  [1m[36mSQL (0.1ms)[0m  [1mSHOW search_path[0m
  [1m[35mSQL (2.1ms)[0m   SELECT distinct i.relname, d.indisunique, d.indkey, t.oid
 FROM pg_class t, pg_class i, pg_index d
 WHERE i.relkind = 'i'
 AND d.indexrelid = i.oid
 AND d.indisprimary = 'f'
 AND t.oid = d.indrelid
 AND t.relname = 'assets'
 AND i.relnamespace IN (SELECT oid FROM pg_namespace WHERE nspname IN ('"$user"','public') )
 ORDER BY i.relname
  [1m[36mSQL (1.1ms)[0m  [1m SELECT a.attname, format_type(a.atttypid, a.atttypmod), d.adsrc, a.attnotnull
 FROM pg_attribute a LEFT JOIN pg_attrdef d
 ON a.attrelid = d.adrelid AND a.attnum = d.adnum
 WHERE a.attrelid = '"categories"'::regclass
 AND a.attnum > 0 AND NOT a.attisdropped
 ORDER BY a.attnum
[0m
  [1m[35mPK and serial sequence (2.4ms)[0m   SELECT attr.attname, seq.relname
 FROM pg_class seq,
 pg_attribute attr,
 pg_depend dep,
 pg_namespace name,
 pg_constraint cons
 WHERE seq.oid = dep.objid
 AND seq.relkind = 'S'
 AND attr.attrelid = dep.refobjid
 AND attr.attnum = dep.refobjsubid
 AND attr.attrelid = cons.conrelid
 AND attr.attnum = cons.conkey[1]
 AND cons.contype = 'p'
 AND dep.refobjid = '"categories"'::regclass
  [1m[36mSQL (1.2ms)[0m  [1m SELECT distinct i.relname, d.indisunique, d.indkey, t.oid
 FROM pg_class t, pg_class i, pg_index d
 WHERE i.relkind = 'i'
 AND d.indexrelid = i.oid
 AND d.indisprimary = 'f'
 AND t.oid = d.indrelid
 AND t.relname = 'categories'
 AND i.relnamespace IN (SELECT oid FROM pg_namespace WHERE nspname IN ('"$user"','public') )
 ORDER BY i.relname
[0m
  [1m[35mSQL (0.7ms)[0m   SELECT a.attname, format_type(a.atttypid, a.atttypmod), d.adsrc, a.attnotnull
 FROM pg_attribute a LEFT JOIN pg_attrdef d
 ON a.attrelid = d.adrelid AND a.attnum = d.adnum
 WHERE a.attrelid = '"colors"'::regclass
 AND a.attnum > 0 AND NOT a.attisdropped
 ORDER BY a.attnum
  [1m[36mPK and serial sequence (2.5ms)[0m  [1m SELECT attr.attname, seq.relname
 FROM pg_class seq,
 pg_attribute attr,
 pg_depend dep,
 pg_namespace name,
 pg_constraint cons
 WHERE seq.oid = dep.objid
 AND seq.relkind = 'S'
 AND attr.attrelid = dep.refobjid
 AND attr.attnum = dep.refobjsubid
 AND attr.attrelid = cons.conrelid
 AND attr.attnum = cons.conkey[1]
 AND cons.contype = 'p'
 AND dep.refobjid = '"colors"'::regclass
[0m
  [1m[35mSQL (1.0ms)[0m   SELECT distinct i.relname, d.indisunique, d.indkey, t.oid
 FROM pg_class t, pg_class i, pg_index d
 WHERE i.relkind = 'i'
 AND d.indexrelid = i.oid
 AND d.indisprimary = 'f'
 AND t.oid = d.indrelid
 AND t.relname = 'colors'
 AND i.relnamespace IN (SELECT oid FROM pg_namespace WHERE nspname IN ('"$user"','public') )
 ORDER BY i.relname
  [1m[36mSQL (0.8ms)[0m  [1m SELECT a.attname, format_type(a.atttypid, a.atttypmod), d.adsrc, a.attnotnull
 FROM pg_attribute a LEFT JOIN pg_attrdef d
 ON a.attrelid = d.adrelid AND a.attnum = d.adnum
 WHERE a.attrelid = '"products"'::regclass
 AND a.attnum > 0 AND NOT a.attisdropped
 ORDER BY a.attnum
[0m
  [1m[35mPK and serial sequence (2.4ms)[0m   SELECT attr.attname, seq.relname
 FROM pg_class seq,
 pg_attribute attr,
 pg_depend dep,
 pg_namespace name,
 pg_constraint cons
 WHERE seq.oid = dep.objid
 AND seq.relkind = 'S'
 AND attr.attrelid = dep.refobjid
 AND attr.attnum = dep.refobjsubid
 AND attr.attrelid = cons.conrelid
 AND attr.attnum = cons.conkey[1]
 AND cons.contype = 'p'
 AND dep.refobjid = '"products"'::regclass
  [1m[36mSQL (1.0ms)[0m  [1m SELECT distinct i.relname, d.indisunique, d.indkey, t.oid
 FROM pg_class t, pg_class i, pg_index d
 WHERE i.relkind = 'i'
 AND d.indexrelid = i.oid
 AND d.indisprimary = 'f'
 AND t.oid = d.indrelid
 AND t.relname = 'products'
 AND i.relnamespace IN (SELECT oid FROM pg_namespace WHERE nspname IN ('"$user"','public') )
 ORDER BY i.relname
[0m


Started GET "/products" for 127.0.0.1 at 2011-02-21 01:19:00 -0300
  [1m[36mSQL (0.4ms)[0m  [1mSHOW client_min_messages[0m
  [1m[35mSQL (0.1ms)[0m  SET client_min_messages TO 'panic'
  [1m[36mSQL (0.1ms)[0m  [1mSET standard_conforming_strings = on[0m
  [1m[35mSQL (0.1ms)[0m  SET client_min_messages TO 'notice'
  [1m[36mSQL (0.4ms)[0m  [1mSET time zone 'UTC'[0m
  [1m[35mSQL (0.1ms)[0m  SHOW TIME ZONE
  Processing by ProductsController#index as HTML
  [1m[36mProduct Load (1.7ms)[0m  [1mSELECT "products".* FROM "products"[0m
Rendered products/index.html.erb within layouts/application (5.4ms)
Completed 200 OK in 202ms (Views: 35.2ms | ActiveRecord: 3.0ms)


Started GET "/products/new" for 127.0.0.1 at 2011-02-21 01:19:05 -0300
  Processing by ProductsController#new as HTML
  [1m[35mSQL (3.9ms)[0m   SELECT a.attname, format_type(a.atttypid, a.atttypmod), d.adsrc, a.attnotnull
 FROM pg_attribute a LEFT JOIN pg_attrdef d
 ON a.attrelid = d.adrelid AND a.attnum = d.adnum
 WHERE a.attrelid = '"products"'::regclass
 AND a.attnum > 0 AND NOT a.attisdropped
 ORDER BY a.attnum
Rendered products/_form.html.erb (165.1ms)
Rendered products/new.html.erb within layouts/application (168.2ms)
Completed   in 240ms

ActionView::Template::Error (undefined method `active' for #<Product:0x000001012463f8>):
    25:   </div>
    26:   <div class="field">
    27:     <%= f.label :active %><br />
    28:     <%= f.check_box :active %>
    29:   </div>
    30:   <div class="actions">
    31:     <%= f.submit %>
  app/views/products/_form.html.erb:28:in `block in _app_views_products__form_html_erb__3571933880526708386_2153848360__4588120161108148324'
  app/views/products/_form.html.erb:1:in `_app_views_products__form_html_erb__3571933880526708386_2153848360__4588120161108148324'
  app/views/products/new.html.erb:3:in `_app_views_products_new_html_erb___3971708523351897470_2153872420__571768753831195140'
  app/controllers/products_controller.rb:29:in `new'

Rendered /usr/local/lib/ruby/gems/1.9.1/gems/actionpack-3.0.4/lib/action_dispatch/middleware/templates/rescues/_trace.erb (2.8ms)
Rendered /usr/local/lib/ruby/gems/1.9.1/gems/actionpack-3.0.4/lib/action_dispatch/middleware/templates/rescues/_request_and_response.erb (7.8ms)
Rendered /usr/local/lib/ruby/gems/1.9.1/gems/actionpack-3.0.4/lib/action_dispatch/middleware/templates/rescues/template_error.erb within rescues/layout (20.1ms)


Started GET "/products/new" for 127.0.0.1 at 2011-02-21 01:19:43 -0300
  Processing by ProductsController#new as HTML
  [1m[36mSQL (1.1ms)[0m  [1m SELECT a.attname, format_type(a.atttypid, a.atttypmod), d.adsrc, a.attnotnull
 FROM pg_attribute a LEFT JOIN pg_attrdef d
 ON a.attrelid = d.adrelid AND a.attnum = d.adnum
 WHERE a.attrelid = '"products"'::regclass
 AND a.attnum > 0 AND NOT a.attisdropped
 ORDER BY a.attnum
[0m
Rendered products/_form.html.erb (35.0ms)
Rendered products/new.html.erb within layouts/application (41.3ms)
Completed 200 OK in 146ms (Views: 49.2ms | ActiveRecord: 1.1ms)


Started POST "/products" for 127.0.0.1 at 2011-02-21 01:20:05 -0300
  Processing by ProductsController#create as HTML
  Parameters: {"utf8"=>"✓", "authenticity_token"=>"OtnnZbFuvz7wzeGFKWY6N/8rbcBzAqmo6/Sp8bxawQg=", "product"=>{"name"=>"calça", "code"=>"eun123", "price"=>"99,99", "is_active"=>"1"}, "commit"=>"Create Product"}
  [1m[35mSQL (1.6ms)[0m   SELECT a.attname, format_type(a.atttypid, a.atttypmod), d.adsrc, a.attnotnull
 FROM pg_attribute a LEFT JOIN pg_attrdef d
 ON a.attrelid = d.adrelid AND a.attnum = d.adnum
 WHERE a.attrelid = '"products"'::regclass
 AND a.attnum > 0 AND NOT a.attisdropped
 ORDER BY a.attnum
  [1m[36mSQL (0.2ms)[0m  [1mBEGIN[0m
  [1m[35mSQL (2.4ms)[0m   SELECT tablename
 FROM pg_tables
 WHERE schemaname = ANY (current_schemas(false))
  [1m[36mSQL (0.8ms)[0m  [1m SELECT a.attname, format_type(a.atttypid, a.atttypmod), d.adsrc, a.attnotnull
 FROM pg_attribute a LEFT JOIN pg_attrdef d
 ON a.attrelid = d.adrelid AND a.attnum = d.adnum
 WHERE a.attrelid = '"products"'::regclass
 AND a.attnum > 0 AND NOT a.attisdropped
 ORDER BY a.attnum
[0m
  [1m[35mPK and serial sequence (3.8ms)[0m   SELECT attr.attname, seq.relname
 FROM pg_class seq,
 pg_attribute attr,
 pg_depend dep,
 pg_namespace name,
 pg_constraint cons
 WHERE seq.oid = dep.objid
 AND seq.relkind = 'S'
 AND attr.attrelid = dep.refobjid
 AND attr.attnum = dep.refobjsubid
 AND attr.attrelid = cons.conrelid
 AND attr.attnum = cons.conkey[1]
 AND cons.contype = 'p'
 AND dep.refobjid = '"products"'::regclass
  [1m[36mSQL (139.8ms)[0m  [1mINSERT INTO "products" ("name", "code", "listPrice", "price", "costPrice", "is_active", "is_promo", "is_new", "sizes", "sizeType", "description", "composition", "sizeBust", "sizeSleeve", "sizeWaist", "sizeHip", "sizeThigh", "sizeInseam", "category_id", "created_at", "updated_at") VALUES ('calça', 'eun123', NULL, 99.0, NULL, 't', 'f', 'f', NULL, NULL, NULL, NULL, NULL, NULL, NULL, NULL, NULL, NULL, NULL, '2011-02-21 04:20:05.211494', '2011-02-21 04:20:05.211494') RETURNING "id"[0m
PGError: ERROR:  null value in column "sizes" violates not-null constraint
: INSERT INTO "products" ("name", "code", "listPrice", "price", "costPrice", "is_active", "is_promo", "is_new", "sizes", "sizeType", "description", "composition", "sizeBust", "sizeSleeve", "sizeWaist", "sizeHip", "sizeThigh", "sizeInseam", "category_id", "created_at", "updated_at") VALUES ('calça', 'eun123', NULL, 99.0, NULL, 't', 'f', 'f', NULL, NULL, NULL, NULL, NULL, NULL, NULL, NULL, NULL, NULL, NULL, '2011-02-21 04:20:05.211494', '2011-02-21 04:20:05.211494') RETURNING "id"
  [1m[35mSQL (0.2ms)[0m  ROLLBACK
Completed   in 355ms

ActiveRecord::StatementInvalid (PGError: ERROR:  null value in column "sizes" violates not-null constraint
: INSERT INTO "products" ("name", "code", "listPrice", "price", "costPrice", "is_active", "is_promo", "is_new", "sizes", "sizeType", "description", "composition", "sizeBust", "sizeSleeve", "sizeWaist", "sizeHip", "sizeThigh", "sizeInseam", "category_id", "created_at", "updated_at") VALUES ('calça', 'eun123', NULL, 99.0, NULL, 't', 'f', 'f', NULL, NULL, NULL, NULL, NULL, NULL, NULL, NULL, NULL, NULL, NULL, '2011-02-21 04:20:05.211494', '2011-02-21 04:20:05.211494') RETURNING "id"):
  app/controllers/products_controller.rb:46:in `block in create'
  app/controllers/products_controller.rb:45:in `create'

Rendered /usr/local/lib/ruby/gems/1.9.1/gems/actionpack-3.0.4/lib/action_dispatch/middleware/templates/rescues/_trace.erb (2.8ms)
Rendered /usr/local/lib/ruby/gems/1.9.1/gems/actionpack-3.0.4/lib/action_dispatch/middleware/templates/rescues/_request_and_response.erb (53.5ms)
Rendered /usr/local/lib/ruby/gems/1.9.1/gems/actionpack-3.0.4/lib/action_dispatch/middleware/templates/rescues/diagnostics.erb within rescues/layout (63.5ms)


Started GET "/products/new" for 127.0.0.1 at 2011-02-21 01:22:19 -0300
  Processing by ProductsController#new as HTML
  [1m[36mSQL (1.1ms)[0m  [1m SELECT a.attname, format_type(a.atttypid, a.atttypmod), d.adsrc, a.attnotnull
 FROM pg_attribute a LEFT JOIN pg_attrdef d
 ON a.attrelid = d.adrelid AND a.attnum = d.adnum
 WHERE a.attrelid = '"products"'::regclass
 AND a.attnum > 0 AND NOT a.attisdropped
 ORDER BY a.attnum
[0m
Rendered products/_form.html.erb (81.6ms)
Rendered products/new.html.erb within layouts/application (89.4ms)
Completed 200 OK in 151ms (Views: 96.9ms | ActiveRecord: 1.1ms)


Started POST "/products" for 127.0.0.1 at 2011-02-21 01:22:35 -0300
  Processing by ProductsController#create as HTML
  Parameters: {"utf8"=>"✓", "authenticity_token"=>"OtnnZbFuvz7wzeGFKWY6N/8rbcBzAqmo6/Sp8bxawQg=", "product"=>{"name"=>"calça", "code"=>"eun123", "price"=>"99,99", "sizes"=>"46,48", "sizeType"=>"Num", "is_active"=>"0", "is_promo"=>"0", "is_new"=>"0"}, "commit"=>"Create Product"}
  [1m[35mSQL (1.1ms)[0m   SELECT a.attname, format_type(a.atttypid, a.atttypmod), d.adsrc, a.attnotnull
 FROM pg_attribute a LEFT JOIN pg_attrdef d
 ON a.attrelid = d.adrelid AND a.attnum = d.adnum
 WHERE a.attrelid = '"products"'::regclass
 AND a.attnum > 0 AND NOT a.attisdropped
 ORDER BY a.attnum
  [1m[36mSQL (0.2ms)[0m  [1mBEGIN[0m
  [1m[35mSQL (0.9ms)[0m   SELECT a.attname, format_type(a.atttypid, a.atttypmod), d.adsrc, a.attnotnull
 FROM pg_attribute a LEFT JOIN pg_attrdef d
 ON a.attrelid = d.adrelid AND a.attnum = d.adnum
 WHERE a.attrelid = '"products"'::regclass
 AND a.attnum > 0 AND NOT a.attisdropped
 ORDER BY a.attnum
  [1m[36mPK and serial sequence (2.8ms)[0m  [1m SELECT attr.attname, seq.relname
 FROM pg_class seq,
 pg_attribute attr,
 pg_depend dep,
 pg_namespace name,
 pg_constraint cons
 WHERE seq.oid = dep.objid
 AND seq.relkind = 'S'
 AND attr.attrelid = dep.refobjid
 AND attr.attnum = dep.refobjsubid
 AND attr.attrelid = cons.conrelid
 AND attr.attnum = cons.conkey[1]
 AND cons.contype = 'p'
 AND dep.refobjid = '"products"'::regclass
[0m
  [1m[35mSQL (0.8ms)[0m  INSERT INTO "products" ("name", "code", "listPrice", "price", "costPrice", "is_active", "is_promo", "is_new", "sizes", "sizeType", "description", "composition", "sizeBust", "sizeSleeve", "sizeWaist", "sizeHip", "sizeThigh", "sizeInseam", "category_id", "created_at", "updated_at") VALUES ('calça', 'eun123', NULL, 99.0, NULL, 'f', 'f', 'f', '46,48', 'Num', NULL, NULL, NULL, NULL, NULL, NULL, NULL, NULL, NULL, '2011-02-21 04:22:35.205008', '2011-02-21 04:22:35.205008') RETURNING "id"
  [1m[36mSQL (0.7ms)[0m  [1mCOMMIT[0m
Redirected to http://localhost:3000/products/2
Completed 302 Found in 232ms


Started GET "/products/2" for 127.0.0.1 at 2011-02-21 01:22:35 -0300
  Processing by ProductsController#show as HTML
  Parameters: {"id"=>"2"}
  [1m[35mSQL (1.0ms)[0m   SELECT a.attname, format_type(a.atttypid, a.atttypmod), d.adsrc, a.attnotnull
 FROM pg_attribute a LEFT JOIN pg_attrdef d
 ON a.attrelid = d.adrelid AND a.attnum = d.adnum
 WHERE a.attrelid = '"products"'::regclass
 AND a.attnum > 0 AND NOT a.attisdropped
 ORDER BY a.attnum
  [1m[36mProduct Load (0.9ms)[0m  [1mSELECT "products".* FROM "products" WHERE "products"."id" = 2 LIMIT 1[0m
  [1m[35mSQL (1.1ms)[0m   SELECT a.attname, format_type(a.atttypid, a.atttypmod), d.adsrc, a.attnotnull
 FROM pg_attribute a LEFT JOIN pg_attrdef d
 ON a.attrelid = d.adrelid AND a.attnum = d.adnum
 WHERE a.attrelid = '"products"'::regclass
 AND a.attnum > 0 AND NOT a.attisdropped
 ORDER BY a.attnum
Rendered products/show.html.erb within layouts/application (126.1ms)
Completed   in 247ms

ActionView::Template::Error (undefined method `active' for #<Product:0x0000010122ce58>):
    17: 
    18: <p>
    19:   <b>Active:</b>
    20:   <%= @product.active %>
    21: </p>
    22: 
    23: 
  app/views/products/show.html.erb:20:in `_app_views_products_show_html_erb__3883196406557072542_2156944720__571768753831195140'
  app/controllers/products_controller.rb:18:in `show'

Rendered /usr/local/lib/ruby/gems/1.9.1/gems/actionpack-3.0.4/lib/action_dispatch/middleware/templates/rescues/_trace.erb (2.7ms)
Rendered /usr/local/lib/ruby/gems/1.9.1/gems/actionpack-3.0.4/lib/action_dispatch/middleware/templates/rescues/_request_and_response.erb (8.5ms)
Rendered /usr/local/lib/ruby/gems/1.9.1/gems/actionpack-3.0.4/lib/action_dispatch/middleware/templates/rescues/template_error.erb within rescues/layout (18.9ms)


Started GET "/products/2" for 127.0.0.1 at 2011-02-21 01:22:48 -0300
  Processing by ProductsController#show as HTML
  Parameters: {"id"=>"2"}
  [1m[36mSQL (1.2ms)[0m  [1m SELECT a.attname, format_type(a.atttypid, a.atttypmod), d.adsrc, a.attnotnull
 FROM pg_attribute a LEFT JOIN pg_attrdef d
 ON a.attrelid = d.adrelid AND a.attnum = d.adnum
 WHERE a.attrelid = '"products"'::regclass
 AND a.attnum > 0 AND NOT a.attisdropped
 ORDER BY a.attnum
[0m
  [1m[35mProduct Load (0.5ms)[0m  SELECT "products".* FROM "products" WHERE "products"."id" = 2 LIMIT 1
  [1m[36mSQL (1.0ms)[0m  [1m SELECT a.attname, format_type(a.atttypid, a.atttypmod), d.adsrc, a.attnotnull
 FROM pg_attribute a LEFT JOIN pg_attrdef d
 ON a.attrelid = d.adrelid AND a.attnum = d.adnum
 WHERE a.attrelid = '"products"'::regclass
 AND a.attnum > 0 AND NOT a.attisdropped
 ORDER BY a.attnum
[0m
Rendered products/show.html.erb within layouts/application (131.2ms)
Completed 200 OK in 240ms (Views: 137.7ms | ActiveRecord: 2.7ms)


Started GET "/products" for 127.0.0.1 at 2011-02-21 01:22:53 -0300
  Processing by ProductsController#index as HTML
  [1m[35mProduct Load (0.4ms)[0m  SELECT "products".* FROM "products"
  [1m[36mSQL (1.5ms)[0m  [1m SELECT a.attname, format_type(a.atttypid, a.atttypmod), d.adsrc, a.attnotnull
 FROM pg_attribute a LEFT JOIN pg_attrdef d
 ON a.attrelid = d.adrelid AND a.attnum = d.adnum
 WHERE a.attrelid = '"products"'::regclass
 AND a.attnum > 0 AND NOT a.attisdropped
 ORDER BY a.attnum
[0m
Rendered products/index.html.erb within layouts/application (129.7ms)
Completed   in 152ms

ActionView::Template::Error (undefined method `active' for #<Product:0x00000100ef27b0>):
    16:     <td><%= product.name %></td>
    17:     <td><%= product.code %></td>
    18:     <td><%= product.price %></td>
    19:     <td><%= product.active %></td>
    20:     <td><%= link_to 'Show', product %></td>
    21:     <td><%= link_to 'Edit', edit_product_path(product) %></td>
    22:     <td><%= link_to 'Destroy', product, :confirm => 'Are you sure?', :method => :delete %></td>
  app/views/products/index.html.erb:19:in `block in _app_views_products_index_html_erb__2900986832746164679_2155287380__571768753831195140'
  app/views/products/index.html.erb:14:in `each'
  app/views/products/index.html.erb:14:in `_app_views_products_index_html_erb__2900986832746164679_2155287380__571768753831195140'
  app/controllers/products_controller.rb:7:in `index'

Rendered /usr/local/lib/ruby/gems/1.9.1/gems/actionpack-3.0.4/lib/action_dispatch/middleware/templates/rescues/_trace.erb (2.6ms)
Rendered /usr/local/lib/ruby/gems/1.9.1/gems/actionpack-3.0.4/lib/action_dispatch/middleware/templates/rescues/_request_and_response.erb (8.0ms)
Rendered /usr/local/lib/ruby/gems/1.9.1/gems/actionpack-3.0.4/lib/action_dispatch/middleware/templates/rescues/template_error.erb within rescues/layout (18.0ms)


Started GET "/products" for 127.0.0.1 at 2011-02-21 01:23:05 -0300
  Processing by ProductsController#index as HTML
  [1m[35mProduct Load (0.4ms)[0m  SELECT "products".* FROM "products"
  [1m[36mSQL (1.1ms)[0m  [1m SELECT a.attname, format_type(a.atttypid, a.atttypmod), d.adsrc, a.attnotnull
 FROM pg_attribute a LEFT JOIN pg_attrdef d
 ON a.attrelid = d.adrelid AND a.attnum = d.adnum
 WHERE a.attrelid = '"products"'::regclass
 AND a.attnum > 0 AND NOT a.attisdropped
 ORDER BY a.attnum
[0m
Rendered products/index.html.erb within layouts/application (132.5ms)
Completed 200 OK in 196ms (Views: 138.9ms | ActiveRecord: 1.5ms)


Started GET "/products" for 127.0.0.1 at 2011-02-21 01:47:00 -0300
  [1m[36mSQL (0.4ms)[0m  [1mSHOW client_min_messages[0m
  [1m[35mSQL (0.1ms)[0m  SET client_min_messages TO 'panic'
  [1m[36mSQL (0.1ms)[0m  [1mSET standard_conforming_strings = on[0m
  [1m[35mSQL (0.1ms)[0m  SET client_min_messages TO 'notice'
  [1m[36mSQL (27.7ms)[0m  [1mSET time zone 'UTC'[0m
  [1m[35mSQL (0.3ms)[0m  SHOW TIME ZONE
  Processing by ProductsController#index as HTML
  [1m[36mProduct Load (1.9ms)[0m  [1mSELECT "products".* FROM "products"[0m
  [1m[35mSQL (3.4ms)[0m   SELECT a.attname, format_type(a.atttypid, a.atttypmod), d.adsrc, a.attnotnull
 FROM pg_attribute a LEFT JOIN pg_attrdef d
 ON a.attrelid = d.adrelid AND a.attnum = d.adnum
 WHERE a.attrelid = '"products"'::regclass
 AND a.attnum > 0 AND NOT a.attisdropped
 ORDER BY a.attnum
Rendered products/index.html.erb within layouts/application (144.5ms)
Completed 200 OK in 344ms (Views: 148.7ms | ActiveRecord: 34.1ms)


Started GET "/products/new" for 127.0.0.1 at 2011-02-21 01:47:07 -0300
  Processing by ProductsController#new as HTML
  [1m[36mSQL (1.2ms)[0m  [1m SELECT a.attname, format_type(a.atttypid, a.atttypmod), d.adsrc, a.attnotnull
 FROM pg_attribute a LEFT JOIN pg_attrdef d
 ON a.attrelid = d.adrelid AND a.attnum = d.adnum
 WHERE a.attrelid = '"products"'::regclass
 AND a.attnum > 0 AND NOT a.attisdropped
 ORDER BY a.attnum
[0m
  [1m[35mCategory Load (0.7ms)[0m  SELECT "categories".* FROM "categories"
Rendered products/_form.html.erb (123.9ms)
Rendered products/new.html.erb within layouts/application (130.3ms)
Completed 200 OK in 256ms (Views: 157.7ms | ActiveRecord: 2.0ms)


Started GET "/categories" for 127.0.0.1 at 2011-02-21 01:47:31 -0300
  Processing by CategoriesController#index as HTML
  [1m[36mCategory Load (0.5ms)[0m  [1mSELECT "categories".* FROM "categories"[0m
Rendered categories/index.html.erb within layouts/application (4.8ms)
Completed 200 OK in 31ms (Views: 12.8ms | ActiveRecord: 0.5ms)


Started GET "/categories/new" for 127.0.0.1 at 2011-02-21 01:47:34 -0300
  Processing by CategoriesController#new as HTML
  [1m[35mSQL (0.9ms)[0m   SELECT a.attname, format_type(a.atttypid, a.atttypmod), d.adsrc, a.attnotnull
 FROM pg_attribute a LEFT JOIN pg_attrdef d
 ON a.attrelid = d.adrelid AND a.attnum = d.adnum
 WHERE a.attrelid = '"categories"'::regclass
 AND a.attnum > 0 AND NOT a.attisdropped
 ORDER BY a.attnum
Rendered categories/_form.html.erb (11.6ms)
Rendered categories/new.html.erb within layouts/application (18.3ms)
Completed 200 OK in 51ms (Views: 26.0ms | ActiveRecord: 0.9ms)


Started POST "/categories" for 127.0.0.1 at 2011-02-21 01:47:38 -0300
  Processing by CategoriesController#create as HTML
  Parameters: {"utf8"=>"✓", "authenticity_token"=>"OtnnZbFuvz7wzeGFKWY6N/8rbcBzAqmo6/Sp8bxawQg=", "category"=>{"name"=>"Vestidos"}, "commit"=>"Create Category"}
  [1m[36mSQL (0.9ms)[0m  [1m SELECT a.attname, format_type(a.atttypid, a.atttypmod), d.adsrc, a.attnotnull
 FROM pg_attribute a LEFT JOIN pg_attrdef d
 ON a.attrelid = d.adrelid AND a.attnum = d.adnum
 WHERE a.attrelid = '"categories"'::regclass
 AND a.attnum > 0 AND NOT a.attisdropped
 ORDER BY a.attnum
[0m
  [1m[35mSQL (0.2ms)[0m  BEGIN
  [1m[36mSQL (2.7ms)[0m  [1m SELECT tablename
 FROM pg_tables
 WHERE schemaname = ANY (current_schemas(false))
[0m
  [1m[35mSQL (0.7ms)[0m   SELECT a.attname, format_type(a.atttypid, a.atttypmod), d.adsrc, a.attnotnull
 FROM pg_attribute a LEFT JOIN pg_attrdef d
 ON a.attrelid = d.adrelid AND a.attnum = d.adnum
 WHERE a.attrelid = '"categories"'::regclass
 AND a.attnum > 0 AND NOT a.attisdropped
 ORDER BY a.attnum
  [1m[36mPK and serial sequence (3.7ms)[0m  [1m SELECT attr.attname, seq.relname
 FROM pg_class seq,
 pg_attribute attr,
 pg_depend dep,
 pg_namespace name,
 pg_constraint cons
 WHERE seq.oid = dep.objid
 AND seq.relkind = 'S'
 AND attr.attrelid = dep.refobjid
 AND attr.attnum = dep.refobjsubid
 AND attr.attrelid = cons.conrelid
 AND attr.attnum = cons.conkey[1]
 AND cons.contype = 'p'
 AND dep.refobjid = '"categories"'::regclass
[0m
  [1m[35mSQL (46.2ms)[0m  INSERT INTO "categories" ("name", "created_at", "updated_at") VALUES ('Vestidos', '2011-02-21 04:47:38.868682', '2011-02-21 04:47:38.868682') RETURNING "id"
  [1m[36mSQL (0.8ms)[0m  [1mCOMMIT[0m
Redirected to http://localhost:3000/categories/1
Completed 302 Found in 168ms


Started GET "/categories/1" for 127.0.0.1 at 2011-02-21 01:47:38 -0300
  Processing by CategoriesController#show as HTML
  Parameters: {"id"=>"1"}
  [1m[35mSQL (1.1ms)[0m   SELECT a.attname, format_type(a.atttypid, a.atttypmod), d.adsrc, a.attnotnull
 FROM pg_attribute a LEFT JOIN pg_attrdef d
 ON a.attrelid = d.adrelid AND a.attnum = d.adnum
 WHERE a.attrelid = '"categories"'::regclass
 AND a.attnum > 0 AND NOT a.attisdropped
 ORDER BY a.attnum
  [1m[36mCategory Load (0.6ms)[0m  [1mSELECT "categories".* FROM "categories" WHERE "categories"."id" = 1 LIMIT 1[0m
  [1m[35mSQL (0.7ms)[0m   SELECT a.attname, format_type(a.atttypid, a.atttypmod), d.adsrc, a.attnotnull
 FROM pg_attribute a LEFT JOIN pg_attrdef d
 ON a.attrelid = d.adrelid AND a.attnum = d.adnum
 WHERE a.attrelid = '"categories"'::regclass
 AND a.attnum > 0 AND NOT a.attisdropped
 ORDER BY a.attnum
Rendered categories/show.html.erb within layouts/application (20.6ms)
Completed 200 OK in 57ms (Views: 27.5ms | ActiveRecord: 2.3ms)


Started GET "/categories" for 127.0.0.1 at 2011-02-21 01:47:42 -0300
  Processing by CategoriesController#index as HTML
  [1m[36mCategory Load (0.4ms)[0m  [1mSELECT "categories".* FROM "categories"[0m
  [1m[35mSQL (0.8ms)[0m   SELECT a.attname, format_type(a.atttypid, a.atttypmod), d.adsrc, a.attnotnull
 FROM pg_attribute a LEFT JOIN pg_attrdef d
 ON a.attrelid = d.adrelid AND a.attnum = d.adnum
 WHERE a.attrelid = '"categories"'::regclass
 AND a.attnum > 0 AND NOT a.attisdropped
 ORDER BY a.attnum
Rendered categories/index.html.erb within layouts/application (23.6ms)
Completed 200 OK in 48ms (Views: 30.4ms | ActiveRecord: 1.3ms)


Started GET "/categories/new" for 127.0.0.1 at 2011-02-21 01:47:45 -0300
  Processing by CategoriesController#new as HTML
  [1m[36mSQL (0.9ms)[0m  [1m SELECT a.attname, format_type(a.atttypid, a.atttypmod), d.adsrc, a.attnotnull
 FROM pg_attribute a LEFT JOIN pg_attrdef d
 ON a.attrelid = d.adrelid AND a.attnum = d.adnum
 WHERE a.attrelid = '"categories"'::regclass
 AND a.attnum > 0 AND NOT a.attisdropped
 ORDER BY a.attnum
[0m
Rendered categories/_form.html.erb (10.4ms)
Rendered categories/new.html.erb within layouts/application (16.6ms)
Completed 200 OK in 49ms (Views: 23.8ms | ActiveRecord: 0.9ms)


Started POST "/categories" for 127.0.0.1 at 2011-02-21 01:47:49 -0300
  Processing by CategoriesController#create as HTML
  Parameters: {"utf8"=>"✓", "authenticity_token"=>"OtnnZbFuvz7wzeGFKWY6N/8rbcBzAqmo6/Sp8bxawQg=", "category"=>{"name"=>"Blusas"}, "commit"=>"Create Category"}
  [1m[35mSQL (0.9ms)[0m   SELECT a.attname, format_type(a.atttypid, a.atttypmod), d.adsrc, a.attnotnull
 FROM pg_attribute a LEFT JOIN pg_attrdef d
 ON a.attrelid = d.adrelid AND a.attnum = d.adnum
 WHERE a.attrelid = '"categories"'::regclass
 AND a.attnum > 0 AND NOT a.attisdropped
 ORDER BY a.attnum
  [1m[36mSQL (0.2ms)[0m  [1mBEGIN[0m
  [1m[35mSQL (0.7ms)[0m   SELECT a.attname, format_type(a.atttypid, a.atttypmod), d.adsrc, a.attnotnull
 FROM pg_attribute a LEFT JOIN pg_attrdef d
 ON a.attrelid = d.adrelid AND a.attnum = d.adnum
 WHERE a.attrelid = '"categories"'::regclass
 AND a.attnum > 0 AND NOT a.attisdropped
 ORDER BY a.attnum
  [1m[36mPK and serial sequence (2.3ms)[0m  [1m SELECT attr.attname, seq.relname
 FROM pg_class seq,
 pg_attribute attr,
 pg_depend dep,
 pg_namespace name,
 pg_constraint cons
 WHERE seq.oid = dep.objid
 AND seq.relkind = 'S'
 AND attr.attrelid = dep.refobjid
 AND attr.attnum = dep.refobjsubid
 AND attr.attrelid = cons.conrelid
 AND attr.attnum = cons.conkey[1]
 AND cons.contype = 'p'
 AND dep.refobjid = '"categories"'::regclass
[0m
  [1m[35mSQL (0.3ms)[0m  INSERT INTO "categories" ("name", "created_at", "updated_at") VALUES ('Blusas', '2011-02-21 04:47:49.126294', '2011-02-21 04:47:49.126294') RETURNING "id"
  [1m[36mSQL (0.7ms)[0m  [1mCOMMIT[0m
Redirected to http://localhost:3000/categories/2
Completed 302 Found in 92ms


Started GET "/categories/2" for 127.0.0.1 at 2011-02-21 01:47:49 -0300
  Processing by CategoriesController#show as HTML
  Parameters: {"id"=>"2"}
  [1m[35mSQL (1.0ms)[0m   SELECT a.attname, format_type(a.atttypid, a.atttypmod), d.adsrc, a.attnotnull
 FROM pg_attribute a LEFT JOIN pg_attrdef d
 ON a.attrelid = d.adrelid AND a.attnum = d.adnum
 WHERE a.attrelid = '"categories"'::regclass
 AND a.attnum > 0 AND NOT a.attisdropped
 ORDER BY a.attnum
  [1m[36mCategory Load (0.4ms)[0m  [1mSELECT "categories".* FROM "categories" WHERE "categories"."id" = 2 LIMIT 1[0m
  [1m[35mSQL (0.8ms)[0m   SELECT a.attname, format_type(a.atttypid, a.atttypmod), d.adsrc, a.attnotnull
 FROM pg_attribute a LEFT JOIN pg_attrdef d
 ON a.attrelid = d.adrelid AND a.attnum = d.adnum
 WHERE a.attrelid = '"categories"'::regclass
 AND a.attnum > 0 AND NOT a.attisdropped
 ORDER BY a.attnum
Rendered categories/show.html.erb within layouts/application (20.9ms)
Completed 200 OK in 57ms (Views: 27.6ms | ActiveRecord: 57.3ms)


Started GET "/categories" for 127.0.0.1 at 2011-02-21 01:47:51 -0300
  Processing by CategoriesController#index as HTML
  [1m[36mCategory Load (0.4ms)[0m  [1mSELECT "categories".* FROM "categories"[0m
  [1m[35mSQL (0.8ms)[0m   SELECT a.attname, format_type(a.atttypid, a.atttypmod), d.adsrc, a.attnotnull
 FROM pg_attribute a LEFT JOIN pg_attrdef d
 ON a.attrelid = d.adrelid AND a.attnum = d.adnum
 WHERE a.attrelid = '"categories"'::regclass
 AND a.attnum > 0 AND NOT a.attisdropped
 ORDER BY a.attnum
Rendered categories/index.html.erb within layouts/application (25.8ms)
Completed 200 OK in 50ms (Views: 32.3ms | ActiveRecord: 1.2ms)


Started GET "/categories/new" for 127.0.0.1 at 2011-02-21 01:47:53 -0300
  Processing by CategoriesController#new as HTML
  [1m[36mSQL (0.9ms)[0m  [1m SELECT a.attname, format_type(a.atttypid, a.atttypmod), d.adsrc, a.attnotnull
 FROM pg_attribute a LEFT JOIN pg_attrdef d
 ON a.attrelid = d.adrelid AND a.attnum = d.adnum
 WHERE a.attrelid = '"categories"'::regclass
 AND a.attnum > 0 AND NOT a.attisdropped
 ORDER BY a.attnum
[0m
Rendered categories/_form.html.erb (10.6ms)
Rendered categories/new.html.erb within layouts/application (16.8ms)
Completed 200 OK in 50ms (Views: 24.0ms | ActiveRecord: 0.9ms)


Started POST "/categories" for 127.0.0.1 at 2011-02-21 01:47:56 -0300
  Processing by CategoriesController#create as HTML
  Parameters: {"utf8"=>"✓", "authenticity_token"=>"OtnnZbFuvz7wzeGFKWY6N/8rbcBzAqmo6/Sp8bxawQg=", "category"=>{"name"=>"Saias"}, "commit"=>"Create Category"}
  [1m[35mSQL (0.9ms)[0m   SELECT a.attname, format_type(a.atttypid, a.atttypmod), d.adsrc, a.attnotnull
 FROM pg_attribute a LEFT JOIN pg_attrdef d
 ON a.attrelid = d.adrelid AND a.attnum = d.adnum
 WHERE a.attrelid = '"categories"'::regclass
 AND a.attnum > 0 AND NOT a.attisdropped
 ORDER BY a.attnum
  [1m[36mSQL (0.2ms)[0m  [1mBEGIN[0m
  [1m[35mSQL (0.7ms)[0m   SELECT a.attname, format_type(a.atttypid, a.atttypmod), d.adsrc, a.attnotnull
 FROM pg_attribute a LEFT JOIN pg_attrdef d
 ON a.attrelid = d.adrelid AND a.attnum = d.adnum
 WHERE a.attrelid = '"categories"'::regclass
 AND a.attnum > 0 AND NOT a.attisdropped
 ORDER BY a.attnum
  [1m[36mPK and serial sequence (2.3ms)[0m  [1m SELECT attr.attname, seq.relname
 FROM pg_class seq,
 pg_attribute attr,
 pg_depend dep,
 pg_namespace name,
 pg_constraint cons
 WHERE seq.oid = dep.objid
 AND seq.relkind = 'S'
 AND attr.attrelid = dep.refobjid
 AND attr.attnum = dep.refobjsubid
 AND attr.attrelid = cons.conrelid
 AND attr.attnum = cons.conkey[1]
 AND cons.contype = 'p'
 AND dep.refobjid = '"categories"'::regclass
[0m
  [1m[35mSQL (0.2ms)[0m  INSERT INTO "categories" ("name", "created_at", "updated_at") VALUES ('Saias', '2011-02-21 04:47:56.609359', '2011-02-21 04:47:56.609359') RETURNING "id"
  [1m[36mSQL (0.6ms)[0m  [1mCOMMIT[0m
Redirected to http://localhost:3000/categories/3
Completed 302 Found in 91ms


Started GET "/categories/3" for 127.0.0.1 at 2011-02-21 01:47:56 -0300
  Processing by CategoriesController#show as HTML
  Parameters: {"id"=>"3"}
  [1m[35mSQL (0.9ms)[0m   SELECT a.attname, format_type(a.atttypid, a.atttypmod), d.adsrc, a.attnotnull
 FROM pg_attribute a LEFT JOIN pg_attrdef d
 ON a.attrelid = d.adrelid AND a.attnum = d.adnum
 WHERE a.attrelid = '"categories"'::regclass
 AND a.attnum > 0 AND NOT a.attisdropped
 ORDER BY a.attnum
  [1m[36mCategory Load (0.4ms)[0m  [1mSELECT "categories".* FROM "categories" WHERE "categories"."id" = 3 LIMIT 1[0m
  [1m[35mSQL (0.8ms)[0m   SELECT a.attname, format_type(a.atttypid, a.atttypmod), d.adsrc, a.attnotnull
 FROM pg_attribute a LEFT JOIN pg_attrdef d
 ON a.attrelid = d.adrelid AND a.attnum = d.adnum
 WHERE a.attrelid = '"categories"'::regclass
 AND a.attnum > 0 AND NOT a.attisdropped
 ORDER BY a.attnum
Rendered categories/show.html.erb within layouts/application (65.4ms)
Completed 200 OK in 105ms (Views: 72.1ms | ActiveRecord: 2.1ms)


Started GET "/products/new" for 127.0.0.1 at 2011-02-21 01:48:02 -0300
  Processing by ProductsController#new as HTML
  [1m[36mSQL (1.1ms)[0m  [1m SELECT a.attname, format_type(a.atttypid, a.atttypmod), d.adsrc, a.attnotnull
 FROM pg_attribute a LEFT JOIN pg_attrdef d
 ON a.attrelid = d.adrelid AND a.attnum = d.adnum
 WHERE a.attrelid = '"products"'::regclass
 AND a.attnum > 0 AND NOT a.attisdropped
 ORDER BY a.attnum
[0m
  [1m[35mCategory Load (0.4ms)[0m  SELECT "categories".* FROM "categories"
  [1m[36mSQL (0.7ms)[0m  [1m SELECT a.attname, format_type(a.atttypid, a.atttypmod), d.adsrc, a.attnotnull
 FROM pg_attribute a LEFT JOIN pg_attrdef d
 ON a.attrelid = d.adrelid AND a.attnum = d.adnum
 WHERE a.attrelid = '"categories"'::regclass
 AND a.attnum > 0 AND NOT a.attisdropped
 ORDER BY a.attnum
[0m
Rendered products/_form.html.erb (89.2ms)
Rendered products/new.html.erb within layouts/application (95.7ms)
Completed 200 OK in 206ms (Views: 102.8ms | ActiveRecord: 2.1ms)


Started GET "/products" for 127.0.0.1 at 2011-02-21 01:48:15 -0300
  Processing by ProductsController#index as HTML
  [1m[35mProduct Load (0.5ms)[0m  SELECT "products".* FROM "products"
  [1m[36mSQL (1.0ms)[0m  [1m SELECT a.attname, format_type(a.atttypid, a.atttypmod), d.adsrc, a.attnotnull
 FROM pg_attribute a LEFT JOIN pg_attrdef d
 ON a.attrelid = d.adrelid AND a.attnum = d.adnum
 WHERE a.attrelid = '"products"'::regclass
 AND a.attnum > 0 AND NOT a.attisdropped
 ORDER BY a.attnum
[0m
Rendered products/index.html.erb within layouts/application (134.0ms)
Completed 200 OK in 159ms (Views: 140.5ms | ActiveRecord: 6.4ms)


Started GET "/products/2/edit" for 127.0.0.1 at 2011-02-21 01:48:18 -0300
  Processing by ProductsController#edit as HTML
  Parameters: {"id"=>"2"}
  [1m[35mSQL (1.1ms)[0m   SELECT a.attname, format_type(a.atttypid, a.atttypmod), d.adsrc, a.attnotnull
 FROM pg_attribute a LEFT JOIN pg_attrdef d
 ON a.attrelid = d.adrelid AND a.attnum = d.adnum
 WHERE a.attrelid = '"products"'::regclass
 AND a.attnum > 0 AND NOT a.attisdropped
 ORDER BY a.attnum
  [1m[36mProduct Load (0.6ms)[0m  [1mSELECT "products".* FROM "products" WHERE "products"."id" = 2 LIMIT 1[0m
  [1m[35mSQL (1.0ms)[0m   SELECT a.attname, format_type(a.atttypid, a.atttypmod), d.adsrc, a.attnotnull
 FROM pg_attribute a LEFT JOIN pg_attrdef d
 ON a.attrelid = d.adrelid AND a.attnum = d.adnum
 WHERE a.attrelid = '"products"'::regclass
 AND a.attnum > 0 AND NOT a.attisdropped
 ORDER BY a.attnum
  [1m[36mCategory Load (0.4ms)[0m  [1mSELECT "categories".* FROM "categories"[0m
  [1m[35mSQL (0.7ms)[0m   SELECT a.attname, format_type(a.atttypid, a.atttypmod), d.adsrc, a.attnotnull
 FROM pg_attribute a LEFT JOIN pg_attrdef d
 ON a.attrelid = d.adrelid AND a.attnum = d.adnum
 WHERE a.attrelid = '"categories"'::regclass
 AND a.attnum > 0 AND NOT a.attisdropped
 ORDER BY a.attnum
Rendered products/_form.html.erb (233.3ms)
Rendered products/edit.html.erb within layouts/application (241.1ms)
Completed 200 OK in 351ms (Views: 246.7ms | ActiveRecord: 8.7ms)


Started POST "/products/2" for 127.0.0.1 at 2011-02-21 01:48:22 -0300
  Processing by ProductsController#update as HTML
  Parameters: {"utf8"=>"✓", "authenticity_token"=>"OtnnZbFuvz7wzeGFKWY6N/8rbcBzAqmo6/Sp8bxawQg=", "product"=>{"name"=>"calça", "code"=>"eun123", "price"=>"99.00", "sizes"=>"46,48", "sizeType"=>"Num", "is_active"=>"0", "is_promo"=>"0", "is_new"=>"0", "category_id"=>"3"}, "commit"=>"Update Product", "id"=>"2"}
  [1m[36mSQL (1.1ms)[0m  [1m SELECT a.attname, format_type(a.atttypid, a.atttypmod), d.adsrc, a.attnotnull
 FROM pg_attribute a LEFT JOIN pg_attrdef d
 ON a.attrelid = d.adrelid AND a.attnum = d.adnum
 WHERE a.attrelid = '"products"'::regclass
 AND a.attnum > 0 AND NOT a.attisdropped
 ORDER BY a.attnum
[0m
  [1m[35mProduct Load (0.6ms)[0m  SELECT "products".* FROM "products" WHERE "products"."id" = 2 LIMIT 1
  [1m[36mSQL (0.1ms)[0m  [1mBEGIN[0m
  [1m[35mSQL (0.9ms)[0m   SELECT a.attname, format_type(a.atttypid, a.atttypmod), d.adsrc, a.attnotnull
 FROM pg_attribute a LEFT JOIN pg_attrdef d
 ON a.attrelid = d.adrelid AND a.attnum = d.adnum
 WHERE a.attrelid = '"products"'::regclass
 AND a.attnum > 0 AND NOT a.attisdropped
 ORDER BY a.attnum
  [1m[36mAREL (0.6ms)[0m  [1mUPDATE "products" SET "category_id" = 3, "updated_at" = '2011-02-21 04:48:23.134706' WHERE "products"."id" = 2[0m
  [1m[35mSQL (1.3ms)[0m  COMMIT
Redirected to http://localhost:3000/products/2
Completed 302 Found in 228ms


Started GET "/products/2" for 127.0.0.1 at 2011-02-21 01:48:23 -0300
  Processing by ProductsController#show as HTML
  Parameters: {"id"=>"2"}
  [1m[36mSQL (1.1ms)[0m  [1m SELECT a.attname, format_type(a.atttypid, a.atttypmod), d.adsrc, a.attnotnull
 FROM pg_attribute a LEFT JOIN pg_attrdef d
 ON a.attrelid = d.adrelid AND a.attnum = d.adnum
 WHERE a.attrelid = '"products"'::regclass
 AND a.attnum > 0 AND NOT a.attisdropped
 ORDER BY a.attnum
[0m
  [1m[35mProduct Load (0.5ms)[0m  SELECT "products".* FROM "products" WHERE "products"."id" = 2 LIMIT 1
  [1m[36mSQL (1.0ms)[0m  [1m SELECT a.attname, format_type(a.atttypid, a.atttypmod), d.adsrc, a.attnotnull
 FROM pg_attribute a LEFT JOIN pg_attrdef d
 ON a.attrelid = d.adrelid AND a.attnum = d.adnum
 WHERE a.attrelid = '"products"'::regclass
 AND a.attnum > 0 AND NOT a.attisdropped
 ORDER BY a.attnum
[0m
Rendered products/show.html.erb within layouts/application (134.6ms)
Completed 200 OK in 249ms (Views: 141.0ms | ActiveRecord: 2.6ms)


Started GET "/products" for 127.0.0.1 at 2011-02-21 01:48:26 -0300
  Processing by ProductsController#index as HTML
  [1m[35mProduct Load (0.5ms)[0m  SELECT "products".* FROM "products"
  [1m[36mSQL (1.0ms)[0m  [1m SELECT a.attname, format_type(a.atttypid, a.atttypmod), d.adsrc, a.attnotnull
 FROM pg_attribute a LEFT JOIN pg_attrdef d
 ON a.attrelid = d.adrelid AND a.attnum = d.adnum
 WHERE a.attrelid = '"products"'::regclass
 AND a.attnum > 0 AND NOT a.attisdropped
 ORDER BY a.attnum
[0m
Rendered products/index.html.erb within layouts/application (136.1ms)
Completed 200 OK in 162ms (Views: 143.4ms | ActiveRecord: 1.5ms)


Started GET "/products/2" for 127.0.0.1 at 2011-02-21 01:48:33 -0300
  Processing by ProductsController#show as HTML
  Parameters: {"id"=>"2"}
  [1m[35mSQL (1.1ms)[0m   SELECT a.attname, format_type(a.atttypid, a.atttypmod), d.adsrc, a.attnotnull
 FROM pg_attribute a LEFT JOIN pg_attrdef d
 ON a.attrelid = d.adrelid AND a.attnum = d.adnum
 WHERE a.attrelid = '"products"'::regclass
 AND a.attnum > 0 AND NOT a.attisdropped
 ORDER BY a.attnum
  [1m[36mProduct Load (0.5ms)[0m  [1mSELECT "products".* FROM "products" WHERE "products"."id" = 2 LIMIT 1[0m
  [1m[35mSQL (1.0ms)[0m   SELECT a.attname, format_type(a.atttypid, a.atttypmod), d.adsrc, a.attnotnull
 FROM pg_attribute a LEFT JOIN pg_attrdef d
 ON a.attrelid = d.adrelid AND a.attnum = d.adnum
 WHERE a.attrelid = '"products"'::regclass
 AND a.attnum > 0 AND NOT a.attisdropped
 ORDER BY a.attnum
Rendered products/show.html.erb within layouts/application (128.9ms)
Completed 200 OK in 242ms (Views: 135.2ms | ActiveRecord: 2.6ms)


Started GET "/products/2/edit" for 127.0.0.1 at 2011-02-21 01:48:37 -0300
  Processing by ProductsController#edit as HTML
  Parameters: {"id"=>"2"}
  [1m[36mSQL (1.1ms)[0m  [1m SELECT a.attname, format_type(a.atttypid, a.atttypmod), d.adsrc, a.attnotnull
 FROM pg_attribute a LEFT JOIN pg_attrdef d
 ON a.attrelid = d.adrelid AND a.attnum = d.adnum
 WHERE a.attrelid = '"products"'::regclass
 AND a.attnum > 0 AND NOT a.attisdropped
 ORDER BY a.attnum
[0m
  [1m[35mProduct Load (0.5ms)[0m  SELECT "products".* FROM "products" WHERE "products"."id" = 2 LIMIT 1
  [1m[36mSQL (1.1ms)[0m  [1m SELECT a.attname, format_type(a.atttypid, a.atttypmod), d.adsrc, a.attnotnull
 FROM pg_attribute a LEFT JOIN pg_attrdef d
 ON a.attrelid = d.adrelid AND a.attnum = d.adnum
 WHERE a.attrelid = '"products"'::regclass
 AND a.attnum > 0 AND NOT a.attisdropped
 ORDER BY a.attnum
[0m
  [1m[35mCategory Load (0.4ms)[0m  SELECT "categories".* FROM "categories"
  [1m[36mSQL (0.7ms)[0m  [1m SELECT a.attname, format_type(a.atttypid, a.atttypmod), d.adsrc, a.attnotnull
 FROM pg_attribute a LEFT JOIN pg_attrdef d
 ON a.attrelid = d.adrelid AND a.attnum = d.adnum
 WHERE a.attrelid = '"categories"'::regclass
 AND a.attnum > 0 AND NOT a.attisdropped
 ORDER BY a.attnum
[0m
Rendered products/_form.html.erb (239.5ms)
Rendered products/edit.html.erb within layouts/application (247.0ms)
Completed 200 OK in 316ms (Views: 252.3ms | ActiveRecord: 3.7ms)
